   1              		.cpu cortex-m4
   2              		.eabi_attribute 27, 1
   3              		.eabi_attribute 28, 1
   4              		.eabi_attribute 20, 1
   5              		.eabi_attribute 21, 1
   6              		.eabi_attribute 23, 3
   7              		.eabi_attribute 24, 1
   8              		.eabi_attribute 25, 1
   9              		.eabi_attribute 26, 1
  10              		.eabi_attribute 30, 6
  11              		.eabi_attribute 34, 1
  12              		.eabi_attribute 18, 4
  13              		.file	"color.c"
  14              		.text
  15              	.Ltext0:
  16              		.cfi_sections	.debug_frame
  17              		.section	.text.colorRGBtoHSV,"ax",%progbits
  18              		.align	1
  19              		.global	colorRGBtoHSV
  20              		.syntax unified
  21              		.thumb
  22              		.thumb_func
  23              		.fpu fpv4-sp-d16
  25              	colorRGBtoHSV:
  26              	.LFB125:
  27              		.file 1 "../Sources/utils/color.c"
   1:../Sources/utils/color.c **** /**
   2:../Sources/utils/color.c ****  *--------------------------------------------------------------------\n
   3:../Sources/utils/color.c ****  *          HSLU T&A Hochschule Luzern Technik+Architektur            \n
   4:../Sources/utils/color.c ****  *--------------------------------------------------------------------\n
   5:../Sources/utils/color.c ****  *
   6:../Sources/utils/color.c ****  * \brief         color utils
   7:../Sources/utils/color.c ****  * \file
   8:../Sources/utils/color.c ****  * \author        Christian Jost, christian.jost@hslu.ch
   9:../Sources/utils/color.c ****  * \date          25.04.20018
  10:../Sources/utils/color.c ****  *
  11:../Sources/utils/color.c ****  * $Id: color.c 96 2018-04-26 05:43:37Z zajost $
  12:../Sources/utils/color.c ****  *
  13:../Sources/utils/color.c ****  *--------------------------------------------------------------------
  14:../Sources/utils/color.c ****  */
  15:../Sources/utils/color.c **** 
  16:../Sources/utils/color.c **** #include "platform.h"
  17:../Sources/utils/color.c **** #include "color.h"
  18:../Sources/utils/color.c **** 
  19:../Sources/utils/color.c **** 
  20:../Sources/utils/color.c **** 
  21:../Sources/utils/color.c **** /**
  22:../Sources/utils/color.c ****  * Converts a RGB color into the hsv model
  23:../Sources/utils/color.c ****  * http://de.wikipedia.org/wiki/RGB-Farbraum
  24:../Sources/utils/color.c ****  * http://de.wikipedia.org/wiki/HSV-Farbraum
  25:../Sources/utils/color.c ****  *
  26:../Sources/utils/color.c ****  * @param [in] rgb
  27:../Sources/utils/color.c ****  *   the source color (red, green, blue)
  28:../Sources/utils/color.c ****  *
  29:../Sources/utils/color.c ****  * @param [out] hsv
  30:../Sources/utils/color.c ****  *   the hsv model of the rgb color
  31:../Sources/utils/color.c ****  *   color->saturation [0..1000]
  32:../Sources/utils/color.c ****  *   color->value [0..1000]
  33:../Sources/utils/color.c ****  *   color->hue [0..360]
  34:../Sources/utils/color.c ****  */
  35:../Sources/utils/color.c **** void colorRGBtoHSV(tColorRGB *rgb, tColorHSV *hsv)
  36:../Sources/utils/color.c **** {
  28              		.loc 1 36 0
  29              		.cfi_startproc
  30              		@ args = 0, pretend = 0, frame = 24
  31              		@ frame_needed = 1, uses_anonymous_args = 0
  32              		@ link register save eliminated.
  33 0000 80B4     		push	{r7}
  34              		.cfi_def_cfa_offset 4
  35              		.cfi_offset 7, -4
  36 0002 87B0     		sub	sp, sp, #28
  37              		.cfi_def_cfa_offset 32
  38 0004 00AF     		add	r7, sp, #0
  39              		.cfi_def_cfa_register 7
  40 0006 7860     		str	r0, [r7, #4]
  41 0008 3960     		str	r1, [r7]
  37:../Sources/utils/color.c ****   int32_t h, min, max;
  38:../Sources/utils/color.c ****   h = 0;
  42              		.loc 1 38 0
  43 000a 0023     		movs	r3, #0
  44 000c 7B61     		str	r3, [r7, #20]
  39:../Sources/utils/color.c **** 
  40:../Sources/utils/color.c ****   if (rgb->red == rgb->blue && rgb->red == rgb->green)
  45              		.loc 1 40 0
  46 000e 7B68     		ldr	r3, [r7, #4]
  47 0010 5A78     		ldrb	r2, [r3, #1]	@ zero_extendqisi2
  48 0012 7B68     		ldr	r3, [r7, #4]
  49 0014 9B78     		ldrb	r3, [r3, #2]	@ zero_extendqisi2
  50 0016 9A42     		cmp	r2, r3
  51 0018 0DD1     		bne	.L2
  52              		.loc 1 40 0 is_stmt 0 discriminator 1
  53 001a 7B68     		ldr	r3, [r7, #4]
  54 001c 5A78     		ldrb	r2, [r3, #1]	@ zero_extendqisi2
  55 001e 7B68     		ldr	r3, [r7, #4]
  56 0020 1B78     		ldrb	r3, [r3]	@ zero_extendqisi2
  57 0022 9A42     		cmp	r2, r3
  58 0024 07D1     		bne	.L2
  41:../Sources/utils/color.c ****   {
  42:../Sources/utils/color.c ****     h = 0;
  59              		.loc 1 42 0 is_stmt 1
  60 0026 0023     		movs	r3, #0
  61 0028 7B61     		str	r3, [r7, #20]
  43:../Sources/utils/color.c ****     max = min = rgb->red;
  62              		.loc 1 43 0
  63 002a 7B68     		ldr	r3, [r7, #4]
  64 002c 5B78     		ldrb	r3, [r3, #1]	@ zero_extendqisi2
  65 002e 3B61     		str	r3, [r7, #16]
  66 0030 3B69     		ldr	r3, [r7, #16]
  67 0032 FB60     		str	r3, [r7, #12]
  68 0034 87E0     		b	.L3
  69              	.L2:
  44:../Sources/utils/color.c ****   }
  45:../Sources/utils/color.c ****   else if ((rgb->red >= rgb->blue) && (rgb->red >= rgb->green))
  70              		.loc 1 45 0
  71 0036 7B68     		ldr	r3, [r7, #4]
  72 0038 5A78     		ldrb	r2, [r3, #1]	@ zero_extendqisi2
  73 003a 7B68     		ldr	r3, [r7, #4]
  74 003c 9B78     		ldrb	r3, [r3, #2]	@ zero_extendqisi2
  75 003e 9A42     		cmp	r2, r3
  76 0040 26D3     		bcc	.L4
  77              		.loc 1 45 0 is_stmt 0 discriminator 1
  78 0042 7B68     		ldr	r3, [r7, #4]
  79 0044 5A78     		ldrb	r2, [r3, #1]	@ zero_extendqisi2
  80 0046 7B68     		ldr	r3, [r7, #4]
  81 0048 1B78     		ldrb	r3, [r3]	@ zero_extendqisi2
  82 004a 9A42     		cmp	r2, r3
  83 004c 20D3     		bcc	.L4
  46:../Sources/utils/color.c ****   {
  47:../Sources/utils/color.c ****     max = rgb->red;
  84              		.loc 1 47 0 is_stmt 1
  85 004e 7B68     		ldr	r3, [r7, #4]
  86 0050 5B78     		ldrb	r3, [r3, #1]	@ zero_extendqisi2
  87 0052 FB60     		str	r3, [r7, #12]
  48:../Sources/utils/color.c ****     min = ((rgb->blue > rgb->green) ? rgb->green : rgb->blue);
  88              		.loc 1 48 0
  89 0054 7B68     		ldr	r3, [r7, #4]
  90 0056 9A78     		ldrb	r2, [r3, #2]	@ zero_extendqisi2
  91 0058 7B68     		ldr	r3, [r7, #4]
  92 005a 1B78     		ldrb	r3, [r3]	@ zero_extendqisi2
  93 005c 9A42     		cmp	r2, r3
  94 005e 02D9     		bls	.L5
  95              		.loc 1 48 0 is_stmt 0 discriminator 1
  96 0060 7B68     		ldr	r3, [r7, #4]
  97 0062 1B78     		ldrb	r3, [r3]	@ zero_extendqisi2
  98 0064 01E0     		b	.L6
  99              	.L5:
 100              		.loc 1 48 0 discriminator 2
 101 0066 7B68     		ldr	r3, [r7, #4]
 102 0068 9B78     		ldrb	r3, [r3, #2]	@ zero_extendqisi2
 103              	.L6:
 104              		.loc 1 48 0 discriminator 4
 105 006a 3B61     		str	r3, [r7, #16]
  49:../Sources/utils/color.c **** 
  50:../Sources/utils/color.c ****     h = (60l * ((int32_t)rgb->green - rgb->blue)) / (max - min);
 106              		.loc 1 50 0 is_stmt 1 discriminator 4
 107 006c 7B68     		ldr	r3, [r7, #4]
 108 006e 1B78     		ldrb	r3, [r3]	@ zero_extendqisi2
 109 0070 1A46     		mov	r2, r3
 110 0072 7B68     		ldr	r3, [r7, #4]
 111 0074 9B78     		ldrb	r3, [r3, #2]	@ zero_extendqisi2
 112 0076 D21A     		subs	r2, r2, r3
 113 0078 1346     		mov	r3, r2
 114 007a 1B01     		lsls	r3, r3, #4
 115 007c 9B1A     		subs	r3, r3, r2
 116 007e 9B00     		lsls	r3, r3, #2
 117 0080 1946     		mov	r1, r3
 118 0082 FA68     		ldr	r2, [r7, #12]
 119 0084 3B69     		ldr	r3, [r7, #16]
 120 0086 D31A     		subs	r3, r2, r3
 121 0088 91FBF3F3 		sdiv	r3, r1, r3
 122 008c 7B61     		str	r3, [r7, #20]
 123 008e 5AE0     		b	.L3
 124              	.L4:
  51:../Sources/utils/color.c ****   }
  52:../Sources/utils/color.c ****   else if ((rgb->green >= rgb->blue) && (rgb->green >= rgb->red))
 125              		.loc 1 52 0
 126 0090 7B68     		ldr	r3, [r7, #4]
 127 0092 1A78     		ldrb	r2, [r3]	@ zero_extendqisi2
 128 0094 7B68     		ldr	r3, [r7, #4]
 129 0096 9B78     		ldrb	r3, [r3, #2]	@ zero_extendqisi2
 130 0098 9A42     		cmp	r2, r3
 131 009a 27D3     		bcc	.L7
 132              		.loc 1 52 0 is_stmt 0 discriminator 1
 133 009c 7B68     		ldr	r3, [r7, #4]
 134 009e 1A78     		ldrb	r2, [r3]	@ zero_extendqisi2
 135 00a0 7B68     		ldr	r3, [r7, #4]
 136 00a2 5B78     		ldrb	r3, [r3, #1]	@ zero_extendqisi2
 137 00a4 9A42     		cmp	r2, r3
 138 00a6 21D3     		bcc	.L7
  53:../Sources/utils/color.c ****   {
  54:../Sources/utils/color.c ****     max = rgb->green;
 139              		.loc 1 54 0 is_stmt 1
 140 00a8 7B68     		ldr	r3, [r7, #4]
 141 00aa 1B78     		ldrb	r3, [r3]	@ zero_extendqisi2
 142 00ac FB60     		str	r3, [r7, #12]
  55:../Sources/utils/color.c ****     min = ((rgb->blue > rgb->red) ? rgb->red : rgb->blue);
 143              		.loc 1 55 0
 144 00ae 7B68     		ldr	r3, [r7, #4]
 145 00b0 9A78     		ldrb	r2, [r3, #2]	@ zero_extendqisi2
 146 00b2 7B68     		ldr	r3, [r7, #4]
 147 00b4 5B78     		ldrb	r3, [r3, #1]	@ zero_extendqisi2
 148 00b6 9A42     		cmp	r2, r3
 149 00b8 02D9     		bls	.L8
 150              		.loc 1 55 0 is_stmt 0 discriminator 1
 151 00ba 7B68     		ldr	r3, [r7, #4]
 152 00bc 5B78     		ldrb	r3, [r3, #1]	@ zero_extendqisi2
 153 00be 01E0     		b	.L9
 154              	.L8:
 155              		.loc 1 55 0 discriminator 2
 156 00c0 7B68     		ldr	r3, [r7, #4]
 157 00c2 9B78     		ldrb	r3, [r3, #2]	@ zero_extendqisi2
 158              	.L9:
 159              		.loc 1 55 0 discriminator 4
 160 00c4 3B61     		str	r3, [r7, #16]
  56:../Sources/utils/color.c ****     h = 120l + (60 * ((int32_t)rgb->blue - rgb->red)) / (max - min);
 161              		.loc 1 56 0 is_stmt 1 discriminator 4
 162 00c6 7B68     		ldr	r3, [r7, #4]
 163 00c8 9B78     		ldrb	r3, [r3, #2]	@ zero_extendqisi2
 164 00ca 1A46     		mov	r2, r3
 165 00cc 7B68     		ldr	r3, [r7, #4]
 166 00ce 5B78     		ldrb	r3, [r3, #1]	@ zero_extendqisi2
 167 00d0 D21A     		subs	r2, r2, r3
 168 00d2 1346     		mov	r3, r2
 169 00d4 1B01     		lsls	r3, r3, #4
 170 00d6 9B1A     		subs	r3, r3, r2
 171 00d8 9B00     		lsls	r3, r3, #2
 172 00da 1946     		mov	r1, r3
 173 00dc FA68     		ldr	r2, [r7, #12]
 174 00de 3B69     		ldr	r3, [r7, #16]
 175 00e0 D31A     		subs	r3, r2, r3
 176 00e2 91FBF3F3 		sdiv	r3, r1, r3
 177 00e6 7833     		adds	r3, r3, #120
 178 00e8 7B61     		str	r3, [r7, #20]
 179 00ea 2CE0     		b	.L3
 180              	.L7:
  57:../Sources/utils/color.c ****   }
  58:../Sources/utils/color.c ****   else if ((rgb->blue >= rgb->green) && (rgb->blue >= rgb->red))
 181              		.loc 1 58 0
 182 00ec 7B68     		ldr	r3, [r7, #4]
 183 00ee 9A78     		ldrb	r2, [r3, #2]	@ zero_extendqisi2
 184 00f0 7B68     		ldr	r3, [r7, #4]
 185 00f2 1B78     		ldrb	r3, [r3]	@ zero_extendqisi2
 186 00f4 9A42     		cmp	r2, r3
 187 00f6 26D3     		bcc	.L3
 188              		.loc 1 58 0 is_stmt 0 discriminator 1
 189 00f8 7B68     		ldr	r3, [r7, #4]
 190 00fa 9A78     		ldrb	r2, [r3, #2]	@ zero_extendqisi2
 191 00fc 7B68     		ldr	r3, [r7, #4]
 192 00fe 5B78     		ldrb	r3, [r3, #1]	@ zero_extendqisi2
 193 0100 9A42     		cmp	r2, r3
 194 0102 20D3     		bcc	.L3
  59:../Sources/utils/color.c ****   {
  60:../Sources/utils/color.c ****     max = rgb->blue;
 195              		.loc 1 60 0 is_stmt 1
 196 0104 7B68     		ldr	r3, [r7, #4]
 197 0106 9B78     		ldrb	r3, [r3, #2]	@ zero_extendqisi2
 198 0108 FB60     		str	r3, [r7, #12]
  61:../Sources/utils/color.c ****     min = ((rgb->green > rgb->red) ? rgb->red : rgb->green);
 199              		.loc 1 61 0
 200 010a 7B68     		ldr	r3, [r7, #4]
 201 010c 1A78     		ldrb	r2, [r3]	@ zero_extendqisi2
 202 010e 7B68     		ldr	r3, [r7, #4]
 203 0110 5B78     		ldrb	r3, [r3, #1]	@ zero_extendqisi2
 204 0112 9A42     		cmp	r2, r3
 205 0114 02D9     		bls	.L10
 206              		.loc 1 61 0 is_stmt 0 discriminator 1
 207 0116 7B68     		ldr	r3, [r7, #4]
 208 0118 5B78     		ldrb	r3, [r3, #1]	@ zero_extendqisi2
 209 011a 01E0     		b	.L11
 210              	.L10:
 211              		.loc 1 61 0 discriminator 2
 212 011c 7B68     		ldr	r3, [r7, #4]
 213 011e 1B78     		ldrb	r3, [r3]	@ zero_extendqisi2
 214              	.L11:
 215              		.loc 1 61 0 discriminator 4
 216 0120 3B61     		str	r3, [r7, #16]
  62:../Sources/utils/color.c ****     h = 240l + (60 * ((int32_t)rgb->red - rgb->green)) / (max - min);
 217              		.loc 1 62 0 is_stmt 1 discriminator 4
 218 0122 7B68     		ldr	r3, [r7, #4]
 219 0124 5B78     		ldrb	r3, [r3, #1]	@ zero_extendqisi2
 220 0126 1A46     		mov	r2, r3
 221 0128 7B68     		ldr	r3, [r7, #4]
 222 012a 1B78     		ldrb	r3, [r3]	@ zero_extendqisi2
 223 012c D21A     		subs	r2, r2, r3
 224 012e 1346     		mov	r3, r2
 225 0130 1B01     		lsls	r3, r3, #4
 226 0132 9B1A     		subs	r3, r3, r2
 227 0134 9B00     		lsls	r3, r3, #2
 228 0136 1946     		mov	r1, r3
 229 0138 FA68     		ldr	r2, [r7, #12]
 230 013a 3B69     		ldr	r3, [r7, #16]
 231 013c D31A     		subs	r3, r2, r3
 232 013e 91FBF3F3 		sdiv	r3, r1, r3
 233 0142 F033     		adds	r3, r3, #240
 234 0144 7B61     		str	r3, [r7, #20]
 235              	.L3:
  63:../Sources/utils/color.c ****   }
  64:../Sources/utils/color.c ****   if (h < 0) h += 360;
 236              		.loc 1 64 0
 237 0146 7B69     		ldr	r3, [r7, #20]
 238 0148 002B     		cmp	r3, #0
 239 014a 03DA     		bge	.L12
 240              		.loc 1 64 0 is_stmt 0 discriminator 1
 241 014c 7B69     		ldr	r3, [r7, #20]
 242 014e 03F5B473 		add	r3, r3, #360
 243 0152 7B61     		str	r3, [r7, #20]
 244              	.L12:
  65:../Sources/utils/color.c **** 
  66:../Sources/utils/color.c ****   if (max == 0) hsv->saturation = 0;
 245              		.loc 1 66 0 is_stmt 1
 246 0154 FB68     		ldr	r3, [r7, #12]
 247 0156 002B     		cmp	r3, #0
 248 0158 03D1     		bne	.L13
 249              		.loc 1 66 0 is_stmt 0 discriminator 1
 250 015a 3B68     		ldr	r3, [r7]
 251 015c 0022     		movs	r2, #0
 252 015e 5A80     		strh	r2, [r3, #2]	@ movhi
 253 0160 0CE0     		b	.L14
 254              	.L13:
  67:../Sources/utils/color.c ****   else hsv->saturation = (uint16_t)( (1000*(max-min))/max);
 255              		.loc 1 67 0 is_stmt 1
 256 0162 FA68     		ldr	r2, [r7, #12]
 257 0164 3B69     		ldr	r3, [r7, #16]
 258 0166 D31A     		subs	r3, r2, r3
 259 0168 4FF47A72 		mov	r2, #1000
 260 016c 02FB03F2 		mul	r2, r2, r3
 261 0170 FB68     		ldr	r3, [r7, #12]
 262 0172 92FBF3F3 		sdiv	r3, r2, r3
 263 0176 9AB2     		uxth	r2, r3
 264 0178 3B68     		ldr	r3, [r7]
 265 017a 5A80     		strh	r2, [r3, #2]	@ movhi
 266              	.L14:
  68:../Sources/utils/color.c **** 
  69:../Sources/utils/color.c ****   hsv->hue = (uint16_t)h;
 267              		.loc 1 69 0
 268 017c 7B69     		ldr	r3, [r7, #20]
 269 017e 9AB2     		uxth	r2, r3
 270 0180 3B68     		ldr	r3, [r7]
 271 0182 1A80     		strh	r2, [r3]	@ movhi
  70:../Sources/utils/color.c ****   hsv->value = (uint16_t)((1000 * max)/255);
 272              		.loc 1 70 0
 273 0184 FB68     		ldr	r3, [r7, #12]
 274 0186 4FF47A72 		mov	r2, #1000
 275 018a 02FB03F3 		mul	r3, r2, r3
 276 018e 084A     		ldr	r2, .L15
 277 0190 82FB0312 		smull	r1, r2, r2, r3
 278 0194 1A44     		add	r2, r2, r3
 279 0196 D211     		asrs	r2, r2, #7
 280 0198 DB17     		asrs	r3, r3, #31
 281 019a D31A     		subs	r3, r2, r3
 282 019c 9AB2     		uxth	r2, r3
 283 019e 3B68     		ldr	r3, [r7]
 284 01a0 9A80     		strh	r2, [r3, #4]	@ movhi
  71:../Sources/utils/color.c **** }
 285              		.loc 1 71 0
 286 01a2 00BF     		nop
 287 01a4 1C37     		adds	r7, r7, #28
 288              		.cfi_def_cfa_offset 4
 289 01a6 BD46     		mov	sp, r7
 290              		.cfi_def_cfa_register 13
 291              		@ sp needed
 292 01a8 5DF8047B 		ldr	r7, [sp], #4
 293              		.cfi_restore 7
 294              		.cfi_def_cfa_offset 0
 295 01ac 7047     		bx	lr
 296              	.L16:
 297 01ae 00BF     		.align	2
 298              	.L15:
 299 01b0 81808080 		.word	-2139062143
 300              		.cfi_endproc
 301              	.LFE125:
 303              		.section	.text.colorHueToRGB,"ax",%progbits
 304              		.align	1
 305              		.global	colorHueToRGB
 306              		.syntax unified
 307              		.thumb
 308              		.thumb_func
 309              		.fpu fpv4-sp-d16
 311              	colorHueToRGB:
 312              	.LFB126:
  72:../Sources/utils/color.c **** 
  73:../Sources/utils/color.c **** void colorHueToRGB(uint16_t hue, tColorRGB *pColorRGB)
  74:../Sources/utils/color.c **** {
 313              		.loc 1 74 0
 314              		.cfi_startproc
 315              		@ args = 0, pretend = 0, frame = 8
 316              		@ frame_needed = 1, uses_anonymous_args = 0
 317              		@ link register save eliminated.
 318 0000 80B4     		push	{r7}
 319              		.cfi_def_cfa_offset 4
 320              		.cfi_offset 7, -4
 321 0002 83B0     		sub	sp, sp, #12
 322              		.cfi_def_cfa_offset 16
 323 0004 00AF     		add	r7, sp, #0
 324              		.cfi_def_cfa_register 7
 325 0006 0346     		mov	r3, r0
 326 0008 3960     		str	r1, [r7]
 327 000a FB80     		strh	r3, [r7, #6]	@ movhi
  75:../Sources/utils/color.c ****   if (hue > 360) hue = 360;
 328              		.loc 1 75 0
 329 000c FB88     		ldrh	r3, [r7, #6]
 330 000e B3F5B47F 		cmp	r3, #360
 331 0012 02D9     		bls	.L18
 332              		.loc 1 75 0 is_stmt 0 discriminator 1
 333 0014 4FF4B473 		mov	r3, #360
 334 0018 FB80     		strh	r3, [r7, #6]	@ movhi
 335              	.L18:
  76:../Sources/utils/color.c **** 
  77:../Sources/utils/color.c ****   if (hue >= 300)
 336              		.loc 1 77 0 is_stmt 1
 337 001a FB88     		ldrh	r3, [r7, #6]
 338 001c B3F5967F 		cmp	r3, #300
 339 0020 15D3     		bcc	.L19
  78:../Sources/utils/color.c ****   {
  79:../Sources/utils/color.c ****     pColorRGB->red = 255;
 340              		.loc 1 79 0
 341 0022 3B68     		ldr	r3, [r7]
 342 0024 FF22     		movs	r2, #255
 343 0026 5A70     		strb	r2, [r3, #1]
  80:../Sources/utils/color.c ****     pColorRGB->green = 0;
 344              		.loc 1 80 0
 345 0028 3B68     		ldr	r3, [r7]
 346 002a 0022     		movs	r2, #0
 347 002c 1A70     		strb	r2, [r3]
  81:../Sources/utils/color.c ****     pColorRGB->blue = (uint8_t)((uint32_t)255 * (359 - hue) / 60);
 348              		.loc 1 81 0
 349 002e FB88     		ldrh	r3, [r7, #6]
 350 0030 C3F5B373 		rsb	r3, r3, #358
 351 0034 0133     		adds	r3, r3, #1
 352 0036 1A46     		mov	r2, r3
 353 0038 1346     		mov	r3, r2
 354 003a 1B02     		lsls	r3, r3, #8
 355 003c 9B1A     		subs	r3, r3, r2
 356 003e 444A     		ldr	r2, .L26
 357 0040 A2FB0323 		umull	r2, r3, r2, r3
 358 0044 5B09     		lsrs	r3, r3, #5
 359 0046 DAB2     		uxtb	r2, r3
 360 0048 3B68     		ldr	r3, [r7]
 361 004a 9A70     		strb	r2, [r3, #2]
  82:../Sources/utils/color.c ****   }
  83:../Sources/utils/color.c ****   else if (hue >= 240)
  84:../Sources/utils/color.c ****   {
  85:../Sources/utils/color.c ****     pColorRGB->blue = 255;
  86:../Sources/utils/color.c ****     pColorRGB->green = 0;
  87:../Sources/utils/color.c ****     pColorRGB->red = (uint8_t)(255 - ((uint32_t)255 * (299 - hue) / 60));
  88:../Sources/utils/color.c ****   }
  89:../Sources/utils/color.c ****   else if (hue >= 180)
  90:../Sources/utils/color.c ****   {
  91:../Sources/utils/color.c ****     pColorRGB->blue = 255;
  92:../Sources/utils/color.c ****     pColorRGB->red = 0;
  93:../Sources/utils/color.c ****     pColorRGB->green = (uint8_t)((uint32_t)255 * (239 - hue) / 60);
  94:../Sources/utils/color.c ****   }
  95:../Sources/utils/color.c ****   else if (hue >= 120)
  96:../Sources/utils/color.c ****   {
  97:../Sources/utils/color.c ****     pColorRGB->green = 255;
  98:../Sources/utils/color.c ****     pColorRGB->red = 0;
  99:../Sources/utils/color.c ****     pColorRGB->blue = (uint8_t)(255 - ((uint32_t)255 * (179 - hue) / 60));
 100:../Sources/utils/color.c ****   }
 101:../Sources/utils/color.c ****   else if (hue >= 60)
 102:../Sources/utils/color.c ****   {
 103:../Sources/utils/color.c ****     pColorRGB->green = 255;
 104:../Sources/utils/color.c ****     pColorRGB->blue = 0;
 105:../Sources/utils/color.c ****     pColorRGB->red = (uint8_t)((uint32_t)255 * (119 - hue) / 60);
 106:../Sources/utils/color.c ****   }
 107:../Sources/utils/color.c ****   else
 108:../Sources/utils/color.c ****   {
 109:../Sources/utils/color.c ****     pColorRGB->red = 255;
 110:../Sources/utils/color.c ****     pColorRGB->blue = 0;
 111:../Sources/utils/color.c ****     pColorRGB->green = (uint8_t)(255 - ((uint32_t)255 * (59 - hue) / 60));
 112:../Sources/utils/color.c ****   }
 113:../Sources/utils/color.c **** }
 362              		.loc 1 113 0
 363 004c 7AE0     		b	.L25
 364              	.L19:
  83:../Sources/utils/color.c ****   {
 365              		.loc 1 83 0
 366 004e FB88     		ldrh	r3, [r7, #6]
 367 0050 EF2B     		cmp	r3, #239
 368 0052 17D9     		bls	.L21
  85:../Sources/utils/color.c ****     pColorRGB->green = 0;
 369              		.loc 1 85 0
 370 0054 3B68     		ldr	r3, [r7]
 371 0056 FF22     		movs	r2, #255
 372 0058 9A70     		strb	r2, [r3, #2]
  86:../Sources/utils/color.c ****     pColorRGB->red = (uint8_t)(255 - ((uint32_t)255 * (299 - hue) / 60));
 373              		.loc 1 86 0
 374 005a 3B68     		ldr	r3, [r7]
 375 005c 0022     		movs	r2, #0
 376 005e 1A70     		strb	r2, [r3]
  87:../Sources/utils/color.c ****   }
 377              		.loc 1 87 0
 378 0060 FB88     		ldrh	r3, [r7, #6]
 379 0062 C3F59573 		rsb	r3, r3, #298
 380 0066 0133     		adds	r3, r3, #1
 381 0068 1A46     		mov	r2, r3
 382 006a 1346     		mov	r3, r2
 383 006c 1B02     		lsls	r3, r3, #8
 384 006e 9B1A     		subs	r3, r3, r2
 385 0070 374A     		ldr	r2, .L26
 386 0072 A2FB0323 		umull	r2, r3, r2, r3
 387 0076 5B09     		lsrs	r3, r3, #5
 388 0078 DBB2     		uxtb	r3, r3
 389 007a DB43     		mvns	r3, r3
 390 007c DAB2     		uxtb	r2, r3
 391 007e 3B68     		ldr	r3, [r7]
 392 0080 5A70     		strb	r2, [r3, #1]
 393              		.loc 1 113 0
 394 0082 5FE0     		b	.L25
 395              	.L21:
  89:../Sources/utils/color.c ****   {
 396              		.loc 1 89 0
 397 0084 FB88     		ldrh	r3, [r7, #6]
 398 0086 B32B     		cmp	r3, #179
 399 0088 14D9     		bls	.L22
  91:../Sources/utils/color.c ****     pColorRGB->red = 0;
 400              		.loc 1 91 0
 401 008a 3B68     		ldr	r3, [r7]
 402 008c FF22     		movs	r2, #255
 403 008e 9A70     		strb	r2, [r3, #2]
  92:../Sources/utils/color.c ****     pColorRGB->green = (uint8_t)((uint32_t)255 * (239 - hue) / 60);
 404              		.loc 1 92 0
 405 0090 3B68     		ldr	r3, [r7]
 406 0092 0022     		movs	r2, #0
 407 0094 5A70     		strb	r2, [r3, #1]
  93:../Sources/utils/color.c ****   }
 408              		.loc 1 93 0
 409 0096 FB88     		ldrh	r3, [r7, #6]
 410 0098 C3F1EF03 		rsb	r3, r3, #239
 411 009c 1A46     		mov	r2, r3
 412 009e 1346     		mov	r3, r2
 413 00a0 1B02     		lsls	r3, r3, #8
 414 00a2 9B1A     		subs	r3, r3, r2
 415 00a4 2A4A     		ldr	r2, .L26
 416 00a6 A2FB0323 		umull	r2, r3, r2, r3
 417 00aa 5B09     		lsrs	r3, r3, #5
 418 00ac DAB2     		uxtb	r2, r3
 419 00ae 3B68     		ldr	r3, [r7]
 420 00b0 1A70     		strb	r2, [r3]
 421              		.loc 1 113 0
 422 00b2 47E0     		b	.L25
 423              	.L22:
  95:../Sources/utils/color.c ****   {
 424              		.loc 1 95 0
 425 00b4 FB88     		ldrh	r3, [r7, #6]
 426 00b6 772B     		cmp	r3, #119
 427 00b8 16D9     		bls	.L23
  97:../Sources/utils/color.c ****     pColorRGB->red = 0;
 428              		.loc 1 97 0
 429 00ba 3B68     		ldr	r3, [r7]
 430 00bc FF22     		movs	r2, #255
 431 00be 1A70     		strb	r2, [r3]
  98:../Sources/utils/color.c ****     pColorRGB->blue = (uint8_t)(255 - ((uint32_t)255 * (179 - hue) / 60));
 432              		.loc 1 98 0
 433 00c0 3B68     		ldr	r3, [r7]
 434 00c2 0022     		movs	r2, #0
 435 00c4 5A70     		strb	r2, [r3, #1]
  99:../Sources/utils/color.c ****   }
 436              		.loc 1 99 0
 437 00c6 FB88     		ldrh	r3, [r7, #6]
 438 00c8 C3F1B303 		rsb	r3, r3, #179
 439 00cc 1A46     		mov	r2, r3
 440 00ce 1346     		mov	r3, r2
 441 00d0 1B02     		lsls	r3, r3, #8
 442 00d2 9B1A     		subs	r3, r3, r2
 443 00d4 1E4A     		ldr	r2, .L26
 444 00d6 A2FB0323 		umull	r2, r3, r2, r3
 445 00da 5B09     		lsrs	r3, r3, #5
 446 00dc DBB2     		uxtb	r3, r3
 447 00de DB43     		mvns	r3, r3
 448 00e0 DAB2     		uxtb	r2, r3
 449 00e2 3B68     		ldr	r3, [r7]
 450 00e4 9A70     		strb	r2, [r3, #2]
 451              		.loc 1 113 0
 452 00e6 2DE0     		b	.L25
 453              	.L23:
 101:../Sources/utils/color.c ****   {
 454              		.loc 1 101 0
 455 00e8 FB88     		ldrh	r3, [r7, #6]
 456 00ea 3B2B     		cmp	r3, #59
 457 00ec 14D9     		bls	.L24
 103:../Sources/utils/color.c ****     pColorRGB->blue = 0;
 458              		.loc 1 103 0
 459 00ee 3B68     		ldr	r3, [r7]
 460 00f0 FF22     		movs	r2, #255
 461 00f2 1A70     		strb	r2, [r3]
 104:../Sources/utils/color.c ****     pColorRGB->red = (uint8_t)((uint32_t)255 * (119 - hue) / 60);
 462              		.loc 1 104 0
 463 00f4 3B68     		ldr	r3, [r7]
 464 00f6 0022     		movs	r2, #0
 465 00f8 9A70     		strb	r2, [r3, #2]
 105:../Sources/utils/color.c ****   }
 466              		.loc 1 105 0
 467 00fa FB88     		ldrh	r3, [r7, #6]
 468 00fc C3F17703 		rsb	r3, r3, #119
 469 0100 1A46     		mov	r2, r3
 470 0102 1346     		mov	r3, r2
 471 0104 1B02     		lsls	r3, r3, #8
 472 0106 9B1A     		subs	r3, r3, r2
 473 0108 114A     		ldr	r2, .L26
 474 010a A2FB0323 		umull	r2, r3, r2, r3
 475 010e 5B09     		lsrs	r3, r3, #5
 476 0110 DAB2     		uxtb	r2, r3
 477 0112 3B68     		ldr	r3, [r7]
 478 0114 5A70     		strb	r2, [r3, #1]
 479              		.loc 1 113 0
 480 0116 15E0     		b	.L25
 481              	.L24:
 109:../Sources/utils/color.c ****     pColorRGB->blue = 0;
 482              		.loc 1 109 0
 483 0118 3B68     		ldr	r3, [r7]
 484 011a FF22     		movs	r2, #255
 485 011c 5A70     		strb	r2, [r3, #1]
 110:../Sources/utils/color.c ****     pColorRGB->green = (uint8_t)(255 - ((uint32_t)255 * (59 - hue) / 60));
 486              		.loc 1 110 0
 487 011e 3B68     		ldr	r3, [r7]
 488 0120 0022     		movs	r2, #0
 489 0122 9A70     		strb	r2, [r3, #2]
 111:../Sources/utils/color.c ****   }
 490              		.loc 1 111 0
 491 0124 FB88     		ldrh	r3, [r7, #6]
 492 0126 C3F13B03 		rsb	r3, r3, #59
 493 012a 1A46     		mov	r2, r3
 494 012c 1346     		mov	r3, r2
 495 012e 1B02     		lsls	r3, r3, #8
 496 0130 9B1A     		subs	r3, r3, r2
 497 0132 074A     		ldr	r2, .L26
 498 0134 A2FB0323 		umull	r2, r3, r2, r3
 499 0138 5B09     		lsrs	r3, r3, #5
 500 013a DBB2     		uxtb	r3, r3
 501 013c DB43     		mvns	r3, r3
 502 013e DAB2     		uxtb	r2, r3
 503 0140 3B68     		ldr	r3, [r7]
 504 0142 1A70     		strb	r2, [r3]
 505              	.L25:
 506              		.loc 1 113 0
 507 0144 00BF     		nop
 508 0146 0C37     		adds	r7, r7, #12
 509              		.cfi_def_cfa_offset 4
 510 0148 BD46     		mov	sp, r7
 511              		.cfi_def_cfa_register 13
 512              		@ sp needed
 513 014a 5DF8047B 		ldr	r7, [sp], #4
 514              		.cfi_restore 7
 515              		.cfi_def_cfa_offset 0
 516 014e 7047     		bx	lr
 517              	.L27:
 518              		.align	2
 519              	.L26:
 520 0150 89888888 		.word	-2004318071
 521              		.cfi_endproc
 522              	.LFE126:
 524              		.text
 525              	.Letext0:
 526              		.file 2 "c:\\program files (x86)\\gnu tools arm embedded\\6 2017-q2-update\\arm-none-eabi\\include
 527              		.file 3 "c:\\program files (x86)\\gnu tools arm embedded\\6 2017-q2-update\\arm-none-eabi\\include
 528              		.file 4 "../Includes/core_cm4.h"
 529              		.file 5 "../Includes/system_MK22F51212.h"
 530              		.file 6 "../Sources/utils/color.h"
DEFINED SYMBOLS
                            *ABS*:00000000 color.c
C:\Users\jonas\AppData\Local\Temp\cckQZJ8P.s:18     .text.colorRGBtoHSV:00000000 $t
C:\Users\jonas\AppData\Local\Temp\cckQZJ8P.s:25     .text.colorRGBtoHSV:00000000 colorRGBtoHSV
C:\Users\jonas\AppData\Local\Temp\cckQZJ8P.s:299    .text.colorRGBtoHSV:000001b0 $d
C:\Users\jonas\AppData\Local\Temp\cckQZJ8P.s:304    .text.colorHueToRGB:00000000 $t
C:\Users\jonas\AppData\Local\Temp\cckQZJ8P.s:311    .text.colorHueToRGB:00000000 colorHueToRGB
C:\Users\jonas\AppData\Local\Temp\cckQZJ8P.s:520    .text.colorHueToRGB:00000150 $d
                     .debug_frame:00000010 $d
                           .group:00000000 wm4.0.a6d4f739a788c67292a3ea0a48d10bd5
                           .group:00000000 wm4.MK22F51212.h.96.792c303daa596f91c029224edd7c60aa
                           .group:00000000 wm4._newlib_version.h.4.3572908597b70d672d181fc7fc501c19
                           .group:00000000 wm4.features.h.33.cf97d4c9a045ebab6d282f6356e11363
                           .group:00000000 wm4._default_types.h.15.247e5cd201eca3442cbf5404108c4935
                           .group:00000000 wm4._intsup.h.10.cce27fed8484c08a33f522034c30d2b5
                           .group:00000000 wm4._stdint.h.10.c24fa3af3bc1706662bb5593a907e841
                           .group:00000000 wm4.stdint.h.23.d53047a68f4a85177f80b422d52785ed
                           .group:00000000 wm4.MK22F51212.h.109.eeee73bf5f54e3f06177795004b95e22
                           .group:00000000 wm4.core_cm4.h.43.f75e2f71b2e33f7a3db429cd8b0cae9e
                           .group:00000000 wm4.core_cmInstr.h.39.addda81f1f3453ba31dd54fc5b6fcee8
                           .group:00000000 wm4.core_cmSimd.h.43.c355993beb49ccd10586af5b1cfe5aee
                           .group:00000000 wm4.core_cm4.h.201.a59e218d30e39d114c8962bbad645c74
                           .group:00000000 wm4.system_MK22F51212.h.94.09b5fd63c227fb82ca8c370fba9e2334
                           .group:00000000 wm4.MK22F51212.h.369.5a9c5aa32d240e03ff494f1c769cfadf
                           .group:00000000 wm4.platform.h.20.28ca110c32480cfc497168a1f0df404d

NO UNDEFINED SYMBOLS
